  316246978_ProyectoFinal_GPO04.cpp
C:\Users\velaz\Desktop\computoGraf\Repositorio\316246978_Proyecto_Gpo04\ProyectoFinal\ProyectoFinal\mesh.h(88,1): warning C4267: 'argumento': conversión de 'size_t' a 'GLsizei'; posible pérdida de datos
C:\Users\velaz\Desktop\computoGraf\Repositorio\316246978_Proyecto_Gpo04\ProyectoFinal\ProyectoFinal\316246978_ProyectoFinal_GPO04.cpp(102,22): warning C4244: '=': conversión de 'double' a 'float'; posible pérdida de datos
C:\Users\velaz\Desktop\computoGraf\Repositorio\316246978_Proyecto_Gpo04\ProyectoFinal\ProyectoFinal\316246978_ProyectoFinal_GPO04.cpp(111,24): warning C4244: '=': conversión de 'double' a 'float'; posible pérdida de datos
C:\Users\velaz\Desktop\computoGraf\Repositorio\316246978_Proyecto_Gpo04\ProyectoFinal\ProyectoFinal\316246978_ProyectoFinal_GPO04.cpp(113,14): warning C4305: '+=': truncamiento de 'double' a 'float'
C:\Users\velaz\Desktop\computoGraf\Repositorio\316246978_Proyecto_Gpo04\ProyectoFinal\ProyectoFinal\316246978_ProyectoFinal_GPO04.cpp(411,24): warning C4244: 'inicializando': conversión de 'double' a 'GLfloat'; posible pérdida de datos
C:\Users\velaz\Desktop\computoGraf\Repositorio\316246978_Proyecto_Gpo04\ProyectoFinal\ProyectoFinal\316246978_ProyectoFinal_GPO04.cpp(456,46): warning C4244: '=': conversión de 'double' a 'T'; posible pérdida de datos
          with
          [
              T=float
          ]
C:\Users\velaz\Desktop\computoGraf\Repositorio\316246978_Proyecto_Gpo04\ProyectoFinal\ProyectoFinal\316246978_ProyectoFinal_GPO04.cpp(733,93): warning C4305: 'argumento': truncamiento de 'double' a 'GLfloat'
C:\Users\velaz\Desktop\computoGraf\Repositorio\316246978_Proyecto_Gpo04\ProyectoFinal\ProyectoFinal\316246978_ProyectoFinal_GPO04.cpp(779,26): warning C4244: '=': conversión de 'double' a 'float'; posible pérdida de datos
C:\Users\velaz\Desktop\computoGraf\Repositorio\316246978_Proyecto_Gpo04\ProyectoFinal\ProyectoFinal\316246978_ProyectoFinal_GPO04.cpp(879,39): warning C4244: '=': conversión de 'double' a 'float'; posible pérdida de datos
C:\Users\velaz\Desktop\computoGraf\Repositorio\316246978_Proyecto_Gpo04\ProyectoFinal\ProyectoFinal\316246978_ProyectoFinal_GPO04.cpp(888,18): warning C4305: '-=': truncamiento de 'double' a 'float'
C:\Users\velaz\Desktop\computoGraf\Repositorio\316246978_Proyecto_Gpo04\ProyectoFinal\ProyectoFinal\316246978_ProyectoFinal_GPO04.cpp(891,18): warning C4305: '+=': truncamiento de 'double' a 'float'
C:\Users\velaz\Desktop\computoGraf\Repositorio\316246978_Proyecto_Gpo04\ProyectoFinal\ProyectoFinal\316246978_ProyectoFinal_GPO04.cpp(895,18): warning C4305: '-=': truncamiento de 'double' a 'float'
C:\Users\velaz\Desktop\computoGraf\Repositorio\316246978_Proyecto_Gpo04\ProyectoFinal\ProyectoFinal\316246978_ProyectoFinal_GPO04.cpp(898,18): warning C4305: '+=': truncamiento de 'double' a 'float'
C:\Users\velaz\Desktop\computoGraf\Repositorio\316246978_Proyecto_Gpo04\ProyectoFinal\ProyectoFinal\316246978_ProyectoFinal_GPO04.cpp(902,18): warning C4305: '-=': truncamiento de 'double' a 'float'
C:\Users\velaz\Desktop\computoGraf\Repositorio\316246978_Proyecto_Gpo04\ProyectoFinal\ProyectoFinal\316246978_ProyectoFinal_GPO04.cpp(905,18): warning C4305: '+=': truncamiento de 'double' a 'float'
C:\Users\velaz\Desktop\computoGraf\Repositorio\316246978_Proyecto_Gpo04\ProyectoFinal\ProyectoFinal\316246978_ProyectoFinal_GPO04.cpp(909,17): warning C4305: '-=': truncamiento de 'double' a 'float'
C:\Users\velaz\Desktop\computoGraf\Repositorio\316246978_Proyecto_Gpo04\ProyectoFinal\ProyectoFinal\316246978_ProyectoFinal_GPO04.cpp(912,17): warning C4305: '+=': truncamiento de 'double' a 'float'
C:\Users\velaz\Desktop\computoGraf\Repositorio\316246978_Proyecto_Gpo04\ProyectoFinal\ProyectoFinal\316246978_ProyectoFinal_GPO04.cpp(1053,11): warning C4244: '=': conversión de 'double' a 'GLfloat'; posible pérdida de datos
C:\Users\velaz\Desktop\computoGraf\Repositorio\316246978_Proyecto_Gpo04\ProyectoFinal\ProyectoFinal\316246978_ProyectoFinal_GPO04.cpp(1054,11): warning C4244: '=': conversión de 'double' a 'GLfloat'; posible pérdida de datos
C:\Users\velaz\Desktop\computoGraf\Repositorio\316246978_Proyecto_Gpo04\ProyectoFinal\ProyectoFinal\316246978_ProyectoFinal_GPO04.cpp(1057,18): warning C4244: 'inicializando': conversión de 'double' a 'GLfloat'; posible pérdida de datos
C:\Users\velaz\Desktop\computoGraf\Repositorio\316246978_Proyecto_Gpo04\ProyectoFinal\ProyectoFinal\316246978_ProyectoFinal_GPO04.cpp(1058,18): warning C4244: 'inicializando': conversión de 'double' a 'GLfloat'; posible pérdida de datos
C:\Users\velaz\Desktop\computoGraf\Repositorio\316246978_Proyecto_Gpo04\ProyectoFinal\ProyectoFinal\316246978_ProyectoFinal_GPO04.cpp(1059,10): warning C4244: '=': conversión de 'double' a 'GLfloat'; posible pérdida de datos
C:\Users\velaz\Desktop\computoGraf\Repositorio\316246978_Proyecto_Gpo04\ProyectoFinal\ProyectoFinal\316246978_ProyectoFinal_GPO04.cpp(1060,10): warning C4244: '=': conversión de 'double' a 'GLfloat'; posible pérdida de datos
316246978_ProyectoFinal_GPO04.obj : error LNK2019: símbolo externo __imp_glewInit sin resolver al que se hace referencia en la función main
316246978_ProyectoFinal_GPO04.obj : error LNK2019: símbolo externo glfwInit sin resolver al que se hace referencia en la función main
316246978_ProyectoFinal_GPO04.obj : error LNK2019: símbolo externo glfwTerminate sin resolver al que se hace referencia en la función main
316246978_ProyectoFinal_GPO04.obj : error LNK2019: símbolo externo glfwCreateWindow sin resolver al que se hace referencia en la función main
316246978_ProyectoFinal_GPO04.obj : error LNK2019: símbolo externo glfwWindowShouldClose sin resolver al que se hace referencia en la función main
316246978_ProyectoFinal_GPO04.obj : error LNK2019: símbolo externo glfwSetWindowShouldClose sin resolver al que se hace referencia en la función "void __cdecl KeyCallback(struct GLFWwindow *,int,int,int,int)" (?KeyCallback@@YAXPEAUGLFWwindow@@HHHH@Z)
316246978_ProyectoFinal_GPO04.obj : error LNK2019: símbolo externo glfwGetFramebufferSize sin resolver al que se hace referencia en la función main
316246978_ProyectoFinal_GPO04.obj : error LNK2019: símbolo externo glfwPollEvents sin resolver al que se hace referencia en la función main
316246978_ProyectoFinal_GPO04.obj : error LNK2019: símbolo externo glfwSetInputMode sin resolver al que se hace referencia en la función main
316246978_ProyectoFinal_GPO04.obj : error LNK2019: símbolo externo glfwSetKeyCallback sin resolver al que se hace referencia en la función main
316246978_ProyectoFinal_GPO04.obj : error LNK2019: símbolo externo glfwSetCursorPosCallback sin resolver al que se hace referencia en la función main
316246978_ProyectoFinal_GPO04.obj : error LNK2019: símbolo externo glfwGetTime sin resolver al que se hace referencia en la función "void __cdecl DoMovement(void)" (?DoMovement@@YAXXZ)
316246978_ProyectoFinal_GPO04.obj : error LNK2019: símbolo externo glfwMakeContextCurrent sin resolver al que se hace referencia en la función main
316246978_ProyectoFinal_GPO04.obj : error LNK2019: símbolo externo glfwSwapBuffers sin resolver al que se hace referencia en la función main
316246978_ProyectoFinal_GPO04.obj : error LNK2019: símbolo externo stbi_load sin resolver al que se hace referencia en la función "unsigned int __cdecl TextureFromFile(char const *,class std::basic_string<char,struct std::char_traits<char>,class std::allocator<char> > const &,bool)" (?TextureFromFile@@YAIPEBDAEBV?$basic_string@DU?$char_traits@D@std@@V?$allocator@D@2@@std@@_N@Z)
316246978_ProyectoFinal_GPO04.obj : error LNK2019: símbolo externo stbi_image_free sin resolver al que se hace referencia en la función "unsigned int __cdecl TextureFromFile(char const *,class std::basic_string<char,struct std::char_traits<char>,class std::allocator<char> > const &,bool)" (?TextureFromFile@@YAIPEBDAEBV?$basic_string@DU?$char_traits@D@std@@V?$allocator@D@2@@std@@_N@Z)
316246978_ProyectoFinal_GPO04.obj : error LNK2019: símbolo externo stbi_set_flip_vertically_on_load sin resolver al que se hace referencia en la función main
316246978_ProyectoFinal_GPO04.obj : error LNK2019: símbolo externo "public: __cdecl Assimp::Importer::Importer(void)" (??0Importer@Assimp@@QEAA@XZ) sin resolver al que se hace referencia en la función "private: void __cdecl Model::loadModel(class std::basic_string<char,struct std::char_traits<char>,class std::allocator<char> > const &)" (?loadModel@Model@@AEAAXAEBV?$basic_string@DU?$char_traits@D@std@@V?$allocator@D@2@@std@@@Z)
316246978_ProyectoFinal_GPO04.obj : error LNK2019: símbolo externo "public: __cdecl Assimp::Importer::~Importer(void)" (??1Importer@Assimp@@QEAA@XZ) sin resolver al que se hace referencia en la función "private: void __cdecl Model::loadModel(class std::basic_string<char,struct std::char_traits<char>,class std::allocator<char> > const &)" (?loadModel@Model@@AEAAXAEBV?$basic_string@DU?$char_traits@D@std@@V?$allocator@D@2@@std@@@Z)
316246978_ProyectoFinal_GPO04.obj : error LNK2019: símbolo externo "public: struct aiScene const * __cdecl Assimp::Importer::ReadFile(char const *,unsigned int)" (?ReadFile@Importer@Assimp@@QEAAPEBUaiScene@@PEBDI@Z) sin resolver al que se hace referencia en la función "public: struct aiScene const * __cdecl Assimp::Importer::ReadFile(class std::basic_string<char,struct std::char_traits<char>,class std::allocator<char> > const &,unsigned int)" (?ReadFile@Importer@Assimp@@QEAAPEBUaiScene@@AEBV?$basic_string@DU?$char_traits@D@std@@V?$allocator@D@2@@std@@I@Z)
316246978_ProyectoFinal_GPO04.obj : error LNK2019: símbolo externo "public: char const * __cdecl Assimp::Importer::GetErrorString(void)const " (?GetErrorString@Importer@Assimp@@QEBAPEBDXZ) sin resolver al que se hace referencia en la función "private: void __cdecl Model::loadModel(class std::basic_string<char,struct std::char_traits<char>,class std::allocator<char> > const &)" (?loadModel@Model@@AEAAXAEBV?$basic_string@DU?$char_traits@D@std@@V?$allocator@D@2@@std@@@Z)
316246978_ProyectoFinal_GPO04.obj : error LNK2019: símbolo externo aiGetMaterialTextureCount sin resolver al que se hace referencia en la función "public: unsigned int __cdecl aiMaterial::GetTextureCount(enum aiTextureType)const " (?GetTextureCount@aiMaterial@@QEBAIW4aiTextureType@@@Z)
316246978_ProyectoFinal_GPO04.obj : error LNK2019: símbolo externo aiGetMaterialTexture sin resolver al que se hace referencia en la función "public: enum aiReturn __cdecl aiMaterial::GetTexture(enum aiTextureType,unsigned int,struct aiString *,enum aiTextureMapping *,unsigned int *,float *,enum aiTextureOp *,enum aiTextureMapMode *)const " (?GetTexture@aiMaterial@@QEBA?AW4aiReturn@@W4aiTextureType@@IPEAUaiString@@PEAW4aiTextureMapping@@PEAIPEAMPEAW4aiTextureOp@@PEAW4aiTextureMapMode@@@Z)
316246978_ProyectoFinal_GPO04.obj : error LNK2019: símbolo externo __imp___glewActiveTexture sin resolver al que se hace referencia en la función "public: void __cdecl Mesh::Draw(class Shader)" (?Draw@Mesh@@QEAAXVShader@@@Z)
316246978_ProyectoFinal_GPO04.obj : error LNK2019: símbolo externo __imp___glewBindBuffer sin resolver al que se hace referencia en la función "private: void __cdecl Mesh::setupMesh(void)" (?setupMesh@Mesh@@AEAAXXZ)
316246978_ProyectoFinal_GPO04.obj : error LNK2019: símbolo externo __imp___glewBufferData sin resolver al que se hace referencia en la función "private: void __cdecl Mesh::setupMesh(void)" (?setupMesh@Mesh@@AEAAXXZ)
316246978_ProyectoFinal_GPO04.obj : error LNK2019: símbolo externo __imp___glewDeleteBuffers sin resolver al que se hace referencia en la función main
316246978_ProyectoFinal_GPO04.obj : error LNK2019: símbolo externo __imp___glewGenBuffers sin resolver al que se hace referencia en la función "private: void __cdecl Mesh::setupMesh(void)" (?setupMesh@Mesh@@AEAAXXZ)
316246978_ProyectoFinal_GPO04.obj : error LNK2019: símbolo externo __imp___glewAttachShader sin resolver al que se hace referencia en la función "public: __cdecl Shader::Shader(char const *,char const *)" (??0Shader@@QEAA@PEBD0@Z)
316246978_ProyectoFinal_GPO04.obj : error LNK2019: símbolo externo __imp___glewCompileShader sin resolver al que se hace referencia en la función "public: __cdecl Shader::Shader(char const *,char const *)" (??0Shader@@QEAA@PEBD0@Z)
316246978_ProyectoFinal_GPO04.obj : error LNK2019: símbolo externo __imp___glewCreateProgram sin resolver al que se hace referencia en la función "public: __cdecl Shader::Shader(char const *,char const *)" (??0Shader@@QEAA@PEBD0@Z)
316246978_ProyectoFinal_GPO04.obj : error LNK2019: símbolo externo __imp___glewCreateShader sin resolver al que se hace referencia en la función "public: __cdecl Shader::Shader(char const *,char const *)" (??0Shader@@QEAA@PEBD0@Z)
316246978_ProyectoFinal_GPO04.obj : error LNK2019: símbolo externo __imp___glewDeleteShader sin resolver al que se hace referencia en la función "public: __cdecl Shader::Shader(char const *,char const *)" (??0Shader@@QEAA@PEBD0@Z)
316246978_ProyectoFinal_GPO04.obj : error LNK2019: símbolo externo __imp___glewEnableVertexAttribArray sin resolver al que se hace referencia en la función "private: void __cdecl Mesh::setupMesh(void)" (?setupMesh@Mesh@@AEAAXXZ)
316246978_ProyectoFinal_GPO04.obj : error LNK2019: símbolo externo __imp___glewGetProgramInfoLog sin resolver al que se hace referencia en la función "public: __cdecl Shader::Shader(char const *,char const *)" (??0Shader@@QEAA@PEBD0@Z)
316246978_ProyectoFinal_GPO04.obj : error LNK2019: símbolo externo __imp___glewGetProgramiv sin resolver al que se hace referencia en la función "public: __cdecl Shader::Shader(char const *,char const *)" (??0Shader@@QEAA@PEBD0@Z)
316246978_ProyectoFinal_GPO04.obj : error LNK2019: símbolo externo __imp___glewGetShaderInfoLog sin resolver al que se hace referencia en la función "public: __cdecl Shader::Shader(char const *,char const *)" (??0Shader@@QEAA@PEBD0@Z)
316246978_ProyectoFinal_GPO04.obj : error LNK2019: símbolo externo __imp___glewGetShaderiv sin resolver al que se hace referencia en la función "public: __cdecl Shader::Shader(char const *,char const *)" (??0Shader@@QEAA@PEBD0@Z)
316246978_ProyectoFinal_GPO04.obj : error LNK2019: símbolo externo __imp___glewGetUniformLocation sin resolver al que se hace referencia en la función "public: __cdecl Shader::Shader(char const *,char const *)" (??0Shader@@QEAA@PEBD0@Z)
316246978_ProyectoFinal_GPO04.obj : error LNK2019: símbolo externo __imp___glewLinkProgram sin resolver al que se hace referencia en la función "public: __cdecl Shader::Shader(char const *,char const *)" (??0Shader@@QEAA@PEBD0@Z)
316246978_ProyectoFinal_GPO04.obj : error LNK2019: símbolo externo __imp___glewShaderSource sin resolver al que se hace referencia en la función "public: __cdecl Shader::Shader(char const *,char const *)" (??0Shader@@QEAA@PEBD0@Z)
316246978_ProyectoFinal_GPO04.obj : error LNK2019: símbolo externo __imp___glewUniform1f sin resolver al que se hace referencia en la función main
316246978_ProyectoFinal_GPO04.obj : error LNK2019: símbolo externo __imp___glewUniform1i sin resolver al que se hace referencia en la función "public: void __cdecl Mesh::Draw(class Shader)" (?Draw@Mesh@@QEAAXVShader@@@Z)
316246978_ProyectoFinal_GPO04.obj : error LNK2019: símbolo externo __imp___glewUniform2f sin resolver al que se hace referencia en la función main
316246978_ProyectoFinal_GPO04.obj : error LNK2019: símbolo externo __imp___glewUniform3f sin resolver al que se hace referencia en la función main
316246978_ProyectoFinal_GPO04.obj : error LNK2019: símbolo externo __imp___glewUniform4f sin resolver al que se hace referencia en la función main
316246978_ProyectoFinal_GPO04.obj : error LNK2019: símbolo externo __imp___glewUniformMatrix4fv sin resolver al que se hace referencia en la función main
316246978_ProyectoFinal_GPO04.obj : error LNK2019: símbolo externo __imp___glewUseProgram sin resolver al que se hace referencia en la función "public: void __cdecl Shader::Use(void)" (?Use@Shader@@QEAAXXZ)
316246978_ProyectoFinal_GPO04.obj : error LNK2019: símbolo externo __imp___glewVertexAttribPointer sin resolver al que se hace referencia en la función "private: void __cdecl Mesh::setupMesh(void)" (?setupMesh@Mesh@@AEAAXXZ)
316246978_ProyectoFinal_GPO04.obj : error LNK2019: símbolo externo __imp___glewGenerateMipmap sin resolver al que se hace referencia en la función "unsigned int __cdecl TextureFromFile(char const *,class std::basic_string<char,struct std::char_traits<char>,class std::allocator<char> > const &,bool)" (?TextureFromFile@@YAIPEBDAEBV?$basic_string@DU?$char_traits@D@std@@V?$allocator@D@2@@std@@_N@Z)
316246978_ProyectoFinal_GPO04.obj : error LNK2019: símbolo externo __imp___glewBindVertexArray sin resolver al que se hace referencia en la función "public: void __cdecl Mesh::Draw(class Shader)" (?Draw@Mesh@@QEAAXVShader@@@Z)
316246978_ProyectoFinal_GPO04.obj : error LNK2019: símbolo externo __imp___glewDeleteVertexArrays sin resolver al que se hace referencia en la función main
316246978_ProyectoFinal_GPO04.obj : error LNK2019: símbolo externo __imp___glewGenVertexArrays sin resolver al que se hace referencia en la función "private: void __cdecl Mesh::setupMesh(void)" (?setupMesh@Mesh@@AEAAXXZ)
316246978_ProyectoFinal_GPO04.obj : error LNK2019: símbolo externo __imp_glewExperimental sin resolver al que se hace referencia en la función main
C:\Users\velaz\Desktop\computoGraf\Repositorio\316246978_Proyecto_Gpo04\ProyectoFinal\\External Libraries\assimp\lib\assimp-vc140-mt.lib : warning LNK4272: el tipo de máquina de biblioteca 'x86' está en conflicto con el tipo de máquina de destino 'x64'
C:\Users\velaz\Desktop\computoGraf\Repositorio\316246978_Proyecto_Gpo04\ProyectoFinal\\External Libraries\SOIL2\lib\soil2-debug.lib : warning LNK4272: el tipo de máquina de biblioteca 'x86' está en conflicto con el tipo de máquina de destino 'x64'
C:\Users\velaz\Desktop\computoGraf\Repositorio\316246978_Proyecto_Gpo04\ProyectoFinal\\External Libraries\GLEW\lib\Release\Win32\glew32.lib : warning LNK4272: el tipo de máquina de biblioteca 'x86' está en conflicto con el tipo de máquina de destino 'x64'
C:\Users\velaz\Desktop\computoGraf\Repositorio\316246978_Proyecto_Gpo04\ProyectoFinal\\External Libraries\GLFW\lib-vc2015\glfw3.lib : warning LNK4272: el tipo de máquina de biblioteca 'x86' está en conflicto con el tipo de máquina de destino 'x64'
C:\Users\velaz\Desktop\computoGraf\Repositorio\316246978_Proyecto_Gpo04\ProyectoFinal\x64\Debug\ProyectoFinal.exe : fatal error LNK1120: 54 externos sin resolver
