  316246978_ProyectoTeoria_GPO04.cpp
C:\Users\velaz\Desktop\ProyectoFinal\ProyectoFinal\316246978_ProyectoTeoria_GPO04.cpp(104,22): warning C4244: '=': conversión de 'double' a 'float'; posible pérdida de datos
C:\Users\velaz\Desktop\ProyectoFinal\ProyectoFinal\316246978_ProyectoTeoria_GPO04.cpp(113,24): warning C4244: '=': conversión de 'double' a 'float'; posible pérdida de datos
C:\Users\velaz\Desktop\ProyectoFinal\ProyectoFinal\316246978_ProyectoTeoria_GPO04.cpp(115,14): warning C4305: '+=': truncamiento de 'double' a 'float'
C:\Users\velaz\Desktop\ProyectoFinal\ProyectoFinal\316246978_ProyectoTeoria_GPO04.cpp(423,24): warning C4244: 'inicializando': conversión de 'double' a 'GLfloat'; posible pérdida de datos
C:\Users\velaz\Desktop\ProyectoFinal\ProyectoFinal\316246978_ProyectoTeoria_GPO04.cpp(469,46): warning C4244: '=': conversión de 'double' a 'T'; posible pérdida de datos
          with
          [
              T=float
          ]
C:\Users\velaz\Desktop\ProyectoFinal\ProyectoFinal\316246978_ProyectoTeoria_GPO04.cpp(793,93): warning C4305: 'argumento': truncamiento de 'double' a 'GLfloat'
C:\Users\velaz\Desktop\ProyectoFinal\ProyectoFinal\316246978_ProyectoTeoria_GPO04.cpp(839,26): warning C4244: '=': conversión de 'double' a 'float'; posible pérdida de datos
C:\Users\velaz\Desktop\ProyectoFinal\ProyectoFinal\316246978_ProyectoTeoria_GPO04.cpp(939,39): warning C4244: '=': conversión de 'double' a 'float'; posible pérdida de datos
C:\Users\velaz\Desktop\ProyectoFinal\ProyectoFinal\316246978_ProyectoTeoria_GPO04.cpp(948,18): warning C4305: '-=': truncamiento de 'double' a 'float'
C:\Users\velaz\Desktop\ProyectoFinal\ProyectoFinal\316246978_ProyectoTeoria_GPO04.cpp(951,18): warning C4305: '+=': truncamiento de 'double' a 'float'
C:\Users\velaz\Desktop\ProyectoFinal\ProyectoFinal\316246978_ProyectoTeoria_GPO04.cpp(955,18): warning C4305: '-=': truncamiento de 'double' a 'float'
C:\Users\velaz\Desktop\ProyectoFinal\ProyectoFinal\316246978_ProyectoTeoria_GPO04.cpp(958,18): warning C4305: '+=': truncamiento de 'double' a 'float'
C:\Users\velaz\Desktop\ProyectoFinal\ProyectoFinal\316246978_ProyectoTeoria_GPO04.cpp(962,18): warning C4305: '-=': truncamiento de 'double' a 'float'
C:\Users\velaz\Desktop\ProyectoFinal\ProyectoFinal\316246978_ProyectoTeoria_GPO04.cpp(965,18): warning C4305: '+=': truncamiento de 'double' a 'float'
C:\Users\velaz\Desktop\ProyectoFinal\ProyectoFinal\316246978_ProyectoTeoria_GPO04.cpp(969,17): warning C4305: '-=': truncamiento de 'double' a 'float'
C:\Users\velaz\Desktop\ProyectoFinal\ProyectoFinal\316246978_ProyectoTeoria_GPO04.cpp(972,17): warning C4305: '+=': truncamiento de 'double' a 'float'
C:\Users\velaz\Desktop\ProyectoFinal\ProyectoFinal\316246978_ProyectoTeoria_GPO04.cpp(1124,11): warning C4244: '=': conversión de 'double' a 'GLfloat'; posible pérdida de datos
C:\Users\velaz\Desktop\ProyectoFinal\ProyectoFinal\316246978_ProyectoTeoria_GPO04.cpp(1125,11): warning C4244: '=': conversión de 'double' a 'GLfloat'; posible pérdida de datos
C:\Users\velaz\Desktop\ProyectoFinal\ProyectoFinal\316246978_ProyectoTeoria_GPO04.cpp(1128,18): warning C4244: 'inicializando': conversión de 'double' a 'GLfloat'; posible pérdida de datos
C:\Users\velaz\Desktop\ProyectoFinal\ProyectoFinal\316246978_ProyectoTeoria_GPO04.cpp(1129,18): warning C4244: 'inicializando': conversión de 'double' a 'GLfloat'; posible pérdida de datos
C:\Users\velaz\Desktop\ProyectoFinal\ProyectoFinal\316246978_ProyectoTeoria_GPO04.cpp(1130,10): warning C4244: '=': conversión de 'double' a 'GLfloat'; posible pérdida de datos
C:\Users\velaz\Desktop\ProyectoFinal\ProyectoFinal\316246978_ProyectoTeoria_GPO04.cpp(1131,10): warning C4244: '=': conversión de 'double' a 'GLfloat'; posible pérdida de datos
soil2-debug.lib(SOIL2.obj) : warning LNK4075: se omite '/EDITANDCONTINUE' debido a la especificación '/OPT:ICF'
LINK : warning LNK4098: la biblioteca predeterminada'MSVCRTD' entra en conflicto con otras bibliotecas; use la biblioteca /NODEFAULTLIB:biblioteca
  Generando código
  630 of 643 functions (98.0%) were compiled, the rest were copied from previous compilation.
    11 functions were new in current compilation
    2 functions had inline decision re-evaluated but remain unchanged
  Generación de código finalizada
soil2-debug.lib(etc1_utils.obj) : warning LNK4099: no se encontró PDB 'soil2-debug.pdb' con 'soil2-debug.lib(etc1_utils.obj)' o en 'C:\Users\velaz\Desktop\ProyectoFinal\Release\soil2-debug.pdb'; se vinculará el objeto sin tener en cuenta información de depuración
soil2-debug.lib(image_DXT.obj) : warning LNK4099: no se encontró PDB 'soil2-debug.pdb' con 'soil2-debug.lib(image_DXT.obj)' o en 'C:\Users\velaz\Desktop\ProyectoFinal\Release\soil2-debug.pdb'; se vinculará el objeto sin tener en cuenta información de depuración
soil2-debug.lib(image_helper.obj) : warning LNK4099: no se encontró PDB '' con 'soil2-debug.lib(image_helper.obj)' o en ''; se vinculará el objeto sin tener en cuenta información de depuración
soil2-debug.lib(SOIL2.obj) : warning LNK4099: no se encontró PDB 'soil2-debug.pdb' con 'soil2-debug.lib(SOIL2.obj)' o en 'C:\Users\velaz\Desktop\ProyectoFinal\Release\soil2-debug.pdb'; se vinculará el objeto sin tener en cuenta información de depuración
  ProyectoFinal.vcxproj -> C:\Users\velaz\Desktop\ProyectoFinal\Release\ProyectoFinal.exe
