  iluminacion2.cpp
C:\Users\velaz\Desktop\ProyectoFinal\ProyectoFinal\iluminacion2.cpp(214,24): warning C4244: 'inicializando': conversión de 'double' a 'GLfloat'; posible pérdida de datos
C:\Users\velaz\Desktop\ProyectoFinal\ProyectoFinal\iluminacion2.cpp(256,46): warning C4244: '=': conversión de 'double' a 'T'; posible pérdida de datos
          with
          [
              T=float
          ]
C:\Users\velaz\Desktop\ProyectoFinal\ProyectoFinal\iluminacion2.cpp(652,40): warning C4244: '=': conversión de 'double' a 'float'; posible pérdida de datos
C:\Users\velaz\Desktop\ProyectoFinal\ProyectoFinal\iluminacion2.cpp(670,16): warning C4305: '-=': truncamiento de 'double' a 'float'
C:\Users\velaz\Desktop\ProyectoFinal\ProyectoFinal\iluminacion2.cpp(673,16): warning C4305: '+=': truncamiento de 'double' a 'float'
C:\Users\velaz\Desktop\ProyectoFinal\ProyectoFinal\iluminacion2.cpp(683,16): warning C4305: '-=': truncamiento de 'double' a 'float'
C:\Users\velaz\Desktop\ProyectoFinal\ProyectoFinal\iluminacion2.cpp(686,16): warning C4305: '+=': truncamiento de 'double' a 'float'
C:\Users\velaz\Desktop\ProyectoFinal\ProyectoFinal\iluminacion2.cpp(696,16): warning C4305: '-=': truncamiento de 'double' a 'float'
C:\Users\velaz\Desktop\ProyectoFinal\ProyectoFinal\iluminacion2.cpp(699,16): warning C4305: '+=': truncamiento de 'double' a 'float'
C:\Users\velaz\Desktop\ProyectoFinal\ProyectoFinal\iluminacion2.cpp(709,17): warning C4305: '-=': truncamiento de 'double' a 'float'
C:\Users\velaz\Desktop\ProyectoFinal\ProyectoFinal\iluminacion2.cpp(712,17): warning C4305: '+=': truncamiento de 'double' a 'float'
C:\Users\velaz\Desktop\ProyectoFinal\ProyectoFinal\iluminacion2.cpp(766,11): warning C4244: '=': conversión de 'double' a 'GLfloat'; posible pérdida de datos
C:\Users\velaz\Desktop\ProyectoFinal\ProyectoFinal\iluminacion2.cpp(767,11): warning C4244: '=': conversión de 'double' a 'GLfloat'; posible pérdida de datos
C:\Users\velaz\Desktop\ProyectoFinal\ProyectoFinal\iluminacion2.cpp(771,18): warning C4244: 'inicializando': conversión de 'double' a 'GLfloat'; posible pérdida de datos
C:\Users\velaz\Desktop\ProyectoFinal\ProyectoFinal\iluminacion2.cpp(772,18): warning C4244: 'inicializando': conversión de 'double' a 'GLfloat'; posible pérdida de datos
C:\Users\velaz\Desktop\ProyectoFinal\ProyectoFinal\iluminacion2.cpp(774,10): warning C4244: '=': conversión de 'double' a 'GLfloat'; posible pérdida de datos
C:\Users\velaz\Desktop\ProyectoFinal\ProyectoFinal\iluminacion2.cpp(775,10): warning C4244: '=': conversión de 'double' a 'GLfloat'; posible pérdida de datos
LINK : warning LNK4098: la biblioteca predeterminada'MSVCRT' entra en conflicto con otras bibliotecas; use la biblioteca /NODEFAULTLIB:biblioteca
soil2-debug.lib(etc1_utils.obj) : warning LNK4099: no se encontró PDB '' con 'soil2-debug.lib(etc1_utils.obj)' o en ''; se vinculará el objeto sin tener en cuenta información de depuración
soil2-debug.lib(image_DXT.obj) : warning LNK4099: no se encontró PDB 'soil2-debug.pdb' con 'soil2-debug.lib(image_DXT.obj)' o en 'C:\Users\velaz\Desktop\ProyectoFinal\Debug\soil2-debug.pdb'; se vinculará el objeto sin tener en cuenta información de depuración
soil2-debug.lib(image_helper.obj) : warning LNK4099: no se encontró PDB 'soil2-debug.pdb' con 'soil2-debug.lib(image_helper.obj)' o en 'C:\Users\velaz\Desktop\ProyectoFinal\Debug\soil2-debug.pdb'; se vinculará el objeto sin tener en cuenta información de depuración
soil2-debug.lib(SOIL2.obj) : warning LNK4099: no se encontró PDB 'soil2-debug.pdb' con 'soil2-debug.lib(SOIL2.obj)' o en 'C:\Users\velaz\Desktop\ProyectoFinal\Debug\soil2-debug.pdb'; se vinculará el objeto sin tener en cuenta información de depuración
  ProyectoFinal.vcxproj -> C:\Users\velaz\Desktop\ProyectoFinal\Debug\ProyectoFinal.exe
